ID, Line, Scope, Name, Type, DataType, isInit, Value, Args
0, 1, 0, x, var, int, 0, -, -
=============
ID, Line, Scope, Name, Type, DataType, isInit, Value, Args
0, 1, 0, x, var, int, 1, 1, -
=============
ID, Line, Scope, Name, Type, DataType, isInit, Value, Args
0, 1, 0, x, var, int, 1, 2, -
=============
ID, Line, Scope, Name, Type, DataType, isInit, Value, Args
0, 1, 0, x, var, int, 1, 2, -
1, 4, 0, ayman, enum_arg, int, 0, -, -
=============
ID, Line, Scope, Name, Type, DataType, isInit, Value, Args
0, 1, 0, x, var, int, 1, 2, -
1, 4, 0, ayman, enum_arg, int, 1, 3, -
=============
ID, Line, Scope, Name, Type, DataType, isInit, Value, Args
0, 1, 0, x, var, int, 1, 2, -
1, 4, 0, ayman, enum_arg, int, 1, 3, -
2, 4, 0, mariem, enum_arg, int, 0, -, -
=============
ID, Line, Scope, Name, Type, DataType, isInit, Value, Args
0, 1, 0, x, var, int, 1, 2, -
1, 4, 0, ayman, enum_arg, int, 1, 3, -
2, 4, 0, mariem, enum_arg, int, 1, 1, -
=============
ID, Line, Scope, Name, Type, DataType, isInit, Value, Args
0, 1, 0, x, var, int, 1, 2, -
1, 4, 0, ayman, enum_arg, int, 1, 3, -
2, 4, 0, mariem, enum_arg, int, 1, 1, -
3, 4, 0, abeer, enum_arg, int, 0, -, -
=============
ID, Line, Scope, Name, Type, DataType, isInit, Value, Args
0, 1, 0, x, var, int, 1, 2, -
1, 4, 0, ayman, enum_arg, int, 1, 3, -
2, 4, 0, mariem, enum_arg, int, 1, 1, -
3, 4, 0, abeer, enum_arg, int, 1, 5, -
=============
ID, Line, Scope, Name, Type, DataType, isInit, Value, Args
0, 1, 0, x, var, int, 1, 2, -
1, 4, 0, ayman, enum_arg, int, 1, 3, -
2, 4, 0, mariem, enum_arg, int, 1, 1, -
3, 4, 0, abeer, enum_arg, int, 1, 5, -
4, 4, 0, marim, enum_arg, int, 0, -, -
=============
ID, Line, Scope, Name, Type, DataType, isInit, Value, Args
0, 1, 0, x, var, int, 1, 2, -
1, 4, 0, ayman, enum_arg, int, 1, 3, -
2, 4, 0, mariem, enum_arg, int, 1, 1, -
3, 4, 0, abeer, enum_arg, int, 1, 5, -
4, 4, 0, marim, enum_arg, int, 1, 10, -
=============
ID, Line, Scope, Name, Type, DataType, isInit, Value, Args
0, 1, 0, x, var, int, 1, 2, -
1, 4, 0, ayman, enum_arg, int, 1, 3, -
2, 4, 0, mariem, enum_arg, int, 1, 1, -
3, 4, 0, abeer, enum_arg, int, 1, 5, -
4, 4, 0, marim, enum_arg, int, 1, 10, -
5, 4, 0, aym, var, enum, 1, -
=============
ID, Line, Scope, Name, Type, DataType, isInit, Value, Args
0, 1, 0, x, var, int, 1, 2, -
1, 4, 0, ayman, enum_arg, int, 1, 3, -
2, 4, 0, mariem, enum_arg, int, 1, 1, -
3, 4, 0, abeer, enum_arg, int, 1, 5, -
4, 4, 0, marim, enum_arg, int, 1, 10, -
5, 4, 0, aym, var, enum, 1, -
6, 5, 0, aymon, var_enum, aym, 0, -, -
=============
ID, Line, Scope, Name, Type, DataType, isInit, Value, Args
0, 1, 0, x, var, int, 1, 2, -
1, 4, 0, ayman, enum_arg, int, 1, 3, -
2, 4, 0, mariem, enum_arg, int, 1, 1, -
3, 4, 0, abeer, enum_arg, int, 1, 5, -
4, 4, 0, marim, enum_arg, int, 1, 10, -
5, 4, 0, aym, var, enum, 1, -
6, 5, 0, aymon, var_enum, aym, 1, 3, -
=============
ID, Line, Scope, Name, Type, DataType, isInit, Value, Args
0, 1, 0, x, var, int, 1, 2, -
1, 4, 0, ayman, enum_arg, int, 1, 3, -
2, 4, 0, mariem, enum_arg, int, 1, 1, -
3, 4, 0, abeer, enum_arg, int, 1, 5, -
4, 4, 0, marim, enum_arg, int, 1, 10, -
5, 4, 0, aym, var, enum, 1, -
6, 5, 0, aymon, var_enum, aym, 1, 3, -
7, 6, 0, l, var, int, 0, -, -
=============
ID, Line, Scope, Name, Type, DataType, isInit, Value, Args
0, 1, 0, x, var, int, 1, 2, -
1, 4, 0, ayman, enum_arg, int, 1, 3, -
2, 4, 0, mariem, enum_arg, int, 1, 1, -
3, 4, 0, abeer, enum_arg, int, 1, 5, -
4, 4, 0, marim, enum_arg, int, 1, 10, -
5, 4, 0, aym, var, enum, 1, -
6, 5, 0, aymon, var_enum, aym, 1, 3, -
7, 6, 0, l, var, int, 1, 1, -
=============
ID, Line, Scope, Name, Type, DataType, isInit, Value, Args
0, 1, 0, x, var, int, 1, 2, -
1, 4, 0, ayman, enum_arg, int, 1, 3, -
2, 4, 0, mariem, enum_arg, int, 1, 1, -
3, 4, 0, abeer, enum_arg, int, 1, 5, -
4, 4, 0, marim, enum_arg, int, 1, 10, -
5, 4, 0, aym, var, enum, 1, -
6, 5, 0, aymon, var_enum, aym, 1, 3, -
7, 6, 0, l, var, int, 1, 1, -
8, 7, 1, q, var, int, 0, -, -
=============
ID, Line, Scope, Name, Type, DataType, isInit, Value, Args
0, 1, 0, x, var, int, 1, 2, -
1, 4, 0, ayman, enum_arg, int, 1, 3, -
2, 4, 0, mariem, enum_arg, int, 1, 1, -
3, 4, 0, abeer, enum_arg, int, 1, 5, -
4, 4, 0, marim, enum_arg, int, 1, 10, -
5, 4, 0, aym, var, enum, 1, -
6, 5, 0, aymon, var_enum, aym, 1, 3, -
7, 6, 0, l, var, int, 1, 1, -
8, 7, 1, q, var, int, 0, -, -
9, 7, 1, g, var, int, 0, -, -
=============
ID, Line, Scope, Name, Type, DataType, isInit, Value, Args
0, 1, 0, x, var, int, 1, 2, -
1, 4, 0, ayman, enum_arg, int, 1, 3, -
2, 4, 0, mariem, enum_arg, int, 1, 1, -
3, 4, 0, abeer, enum_arg, int, 1, 5, -
4, 4, 0, marim, enum_arg, int, 1, 10, -
5, 4, 0, aym, var, enum, 1, -
6, 5, 0, aymon, var_enum, aym, 1, 3, -
7, 6, 0, l, var, int, 1, 1, -
8, 7, 1, q, var, int, 0, -, -
9, 7, 1, g, var, int, 0, -, -
10, 7, 0, print, func, int, 0, -, 8,9,
=============
ID, Line, Scope, Name, Type, DataType, isInit, Value, Args
0, 1, 0, x, var, int, 1, 2, -
1, 4, 0, ayman, enum_arg, int, 1, 3, -
2, 4, 0, mariem, enum_arg, int, 1, 1, -
3, 4, 0, abeer, enum_arg, int, 1, 5, -
4, 4, 0, marim, enum_arg, int, 1, 10, -
5, 4, 0, aym, var, enum, 1, -
6, 5, 0, aymon, var_enum, aym, 1, 3, -
7, 6, 0, l, var, int, 1, 1, -
8, 7, 1, q, var, int, 0, -, -
9, 7, 1, g, var, int, 0, -, -
10, 7, 0, print, func, int, 0, -, 8,9,
11, 9, 1, z, var, int, 0, -, -
=============
ID, Line, Scope, Name, Type, DataType, isInit, Value, Args
0, 1, 0, x, var, int, 1, 2, -
1, 4, 0, ayman, enum_arg, int, 1, 3, -
2, 4, 0, mariem, enum_arg, int, 1, 1, -
3, 4, 0, abeer, enum_arg, int, 1, 5, -
4, 4, 0, marim, enum_arg, int, 1, 10, -
5, 4, 0, aym, var, enum, 1, -
6, 5, 0, aymon, var_enum, aym, 1, 3, -
7, 6, 0, l, var, int, 1, 1, -
8, 7, 1, q, var, int, 0, -, -
9, 7, 1, g, var, int, 0, -, -
10, 7, 0, print, func, int, 0, -, 8,9,
11, 9, 1, z, var, int, 1, 0, -
=============
ID, Line, Scope, Name, Type, DataType, isInit, Value, Args
0, 1, 0, x, var, int, 1, 2, -
1, 4, 0, ayman, enum_arg, int, 1, 1, -
2, 4, 0, mariem, enum_arg, int, 1, 1, -
3, 4, 0, abeer, enum_arg, int, 1, 5, -
4, 4, 0, marim, enum_arg, int, 1, 10, -
5, 4, 0, aym, var, enum, 1, -
6, 5, 0, aymon, var_enum, aym, 1, 3, -
7, 6, 0, l, var, int, 1, 1, -
8, 7, 1, q, var, int, 0, -, -
9, 7, 1, g, var, int, 0, -, -
10, 7, 0, print, func, int, 1, 0, 8,9,
11, 9, 1, z, var, int, 1, 0, -
12, 15, 2, i, var, int, 0, -, -
=============
ID, Line, Scope, Name, Type, DataType, isInit, Value, Args
0, 1, 0, x, var, int, 1, 2, -
1, 4, 0, ayman, enum_arg, int, 1, 1, -
2, 4, 0, mariem, enum_arg, int, 1, 1, -
3, 4, 0, abeer, enum_arg, int, 1, 5, -
4, 4, 0, marim, enum_arg, int, 1, 10, -
5, 4, 0, aym, var, enum, 1, -
6, 5, 0, aymon, var_enum, aym, 1, 3, -
7, 6, 0, l, var, int, 1, 1, -
8, 7, 1, q, var, int, 0, -, -
9, 7, 1, g, var, int, 0, -, -
10, 7, 0, print, func, int, 1, 0, 8,9,
11, 9, 1, z, var, int, 1, 0, -
12, 15, 2, i, var, int, 1, 0, -
=============
ID, Line, Scope, Name, Type, DataType, isInit, Value, Args
0, 1, 0, x, var, int, 1, 2, -
1, 4, 0, ayman, enum_arg, int, 1, 1, -
2, 4, 0, mariem, enum_arg, int, 1, 1, -
3, 4, 0, abeer, enum_arg, int, 1, 5, -
4, 4, 0, marim, enum_arg, int, 1, 10, -
5, 4, 0, aym, var, enum, 1, -
6, 5, 0, aymon, var_enum, aym, 1, 3, -
7, 6, 0, l, var, int, 1, 1, -
8, 7, 1, q, var, int, 0, -, -
9, 7, 1, g, var, int, 0, -, -
10, 7, 0, print, func, int, 1, 0, 8,9,
11, 9, 1, z, var, int, 1, 0, -
12, 15, 2, i, var, int, 1, 3, -
=============
ID, Line, Scope, Name, Type, DataType, isInit, Value, Args
0, 1, 0, x, var, int, 1, 2, -
1, 4, 0, ayman, enum_arg, int, 1, 1, -
2, 4, 0, mariem, enum_arg, int, 1, 1, -
3, 4, 0, abeer, enum_arg, int, 1, 5, -
4, 4, 0, marim, enum_arg, int, 1, 10, -
5, 4, 0, aym, var, enum, 1, -
6, 5, 0, aymon, var_enum, aym, 1, 3, -
7, 6, 0, l, var, int, 1, 1, -
8, 7, 1, q, var, int, 0, -, -
9, 7, 1, g, var, int, 0, -, -
10, 7, 0, print, func, int, 1, 0, 8,9,
11, 9, 1, z, var, int, 1, 0, -
12, 15, 2, i, var, int, 1, 3, -
13, 17, 2, F, const, bool, 0, -, -
=============
ID, Line, Scope, Name, Type, DataType, isInit, Value, Args
0, 1, 0, x, var, int, 1, 2, -
1, 4, 0, ayman, enum_arg, int, 1, 1, -
2, 4, 0, mariem, enum_arg, int, 1, 1, -
3, 4, 0, abeer, enum_arg, int, 1, 5, -
4, 4, 0, marim, enum_arg, int, 1, 10, -
5, 4, 0, aym, var, enum, 1, -
6, 5, 0, aymon, var_enum, aym, 1, 3, -
7, 6, 0, l, var, int, 1, 1, -
8, 7, 1, q, var, int, 0, -, -
9, 7, 1, g, var, int, 0, -, -
10, 7, 0, print, func, int, 1, 0, 8,9,
11, 9, 1, z, var, int, 1, 0, -
12, 15, 2, i, var, int, 1, 3, -
13, 17, 2, F, const, bool, 1, false, -
=============
ID, Line, Scope, Name, Type, DataType, isInit, Value, Args
0, 1, 0, x, var, int, 1, 2, -
1, 4, 0, ayman, enum_arg, int, 1, 1, -
2, 4, 0, mariem, enum_arg, int, 1, 1, -
3, 4, 0, abeer, enum_arg, int, 1, 5, -
4, 4, 0, marim, enum_arg, int, 1, 10, -
5, 4, 0, aym, var, enum, 1, -
6, 5, 0, aymon, var_enum, aym, 1, 3, -
7, 6, 0, l, var, int, 1, 1, -
8, 7, 1, q, var, int, 0, -, -
9, 7, 1, g, var, int, 0, -, -
10, 7, 0, print, func, int, 1, 0, 8,9,
11, 9, 1, z, var, int, 1, 0, -
12, 15, 2, i, var, int, 1, 3, -
13, 17, 2, F, const, bool, 1, false, -
=============
ID, Line, Scope, Name, Type, DataType, isInit, Value, Args
0, 1, 0, x, var, int, 1, 2, -
1, 4, 0, ayman, enum_arg, int, 1, 1, -
2, 4, 0, mariem, enum_arg, int, 1, 1, -
3, 4, 0, abeer, enum_arg, int, 1, 5, -
4, 4, 0, marim, enum_arg, int, 1, 10, -
5, 4, 0, aym, var, enum, 1, -
6, 5, 0, aymon, var_enum, aym, 1, 3, -
7, 6, 0, l, var, int, 1, 1, -
8, 7, 1, q, var, int, 0, -, -
9, 7, 1, g, var, int, 0, -, -
10, 7, 0, print, func, int, 1, 0, 8,9,
11, 9, 1, z, var, int, 1, 0, -
12, 15, 2, i, var, int, 1, 3, -
13, 17, 2, F, const, bool, 1, false, -
14, 23, 3, k, var, int, 0, -, -
=============
ID, Line, Scope, Name, Type, DataType, isInit, Value, Args
0, 1, 0, x, var, int, 1, 2, -
1, 4, 0, ayman, enum_arg, int, 1, 1, -
2, 4, 0, mariem, enum_arg, int, 1, 1, -
3, 4, 0, abeer, enum_arg, int, 1, 5, -
4, 4, 0, marim, enum_arg, int, 1, 10, -
5, 4, 0, aym, var, enum, 1, -
6, 5, 0, aymon, var_enum, aym, 1, 3, -
7, 6, 0, l, var, int, 1, 1, -
8, 7, 1, q, var, int, 0, -, -
9, 7, 1, g, var, int, 0, -, -
10, 7, 0, print, func, int, 1, 0, 8,9,
11, 9, 1, z, var, int, 1, 0, -
12, 15, 2, i, var, int, 1, 3, -
13, 17, 2, F, const, bool, 1, false, -
14, 23, 3, k, var, int, 1, 2, -
=============
ID, Line, Scope, Name, Type, DataType, isInit, Value, Args
0, 1, 0, x, var, int, 1, 2, -
1, 4, 0, ayman, enum_arg, int, 1, 1, -
2, 4, 0, mariem, enum_arg, int, 1, 1, -
3, 4, 0, abeer, enum_arg, int, 1, 5, -
4, 4, 0, marim, enum_arg, int, 1, 10, -
5, 4, 0, aym, var, enum, 1, -
6, 5, 0, aymon, var_enum, aym, 1, 3, -
7, 6, 0, l, var, int, 1, 1, -
8, 7, 1, q, var, int, 0, -, -
9, 7, 1, g, var, int, 0, -, -
10, 7, 0, print, func, int, 1, 0, 8,9,
11, 9, 1, z, var, int, 1, 0, -
12, 15, 2, i, var, int, 1, 3, -
13, 17, 2, F, const, bool, 1, false, -
14, 23, 3, k, var, int, 1, 3, -
=============
ID, Line, Scope, Name, Type, DataType, isInit, Value, Args
0, 1, 0, x, var, int, 1, 2, -
1, 4, 0, ayman, enum_arg, int, 1, 1, -
2, 4, 0, mariem, enum_arg, int, 1, 1, -
3, 4, 0, abeer, enum_arg, int, 1, 5, -
4, 4, 0, marim, enum_arg, int, 1, 10, -
5, 4, 0, aym, var, enum, 1, -
6, 5, 0, aymon, var_enum, aym, 1, 3, -
7, 6, 0, l, var, int, 1, 1, -
8, 7, 1, q, var, int, 0, -, -
9, 7, 1, g, var, int, 0, -, -
10, 7, 0, print, func, int, 1, 0, 8,9,
11, 9, 1, z, var, int, 1, 0, -
12, 15, 2, i, var, int, 1, 3, -
13, 17, 2, F, const, bool, 1, false, -
14, 23, 3, k, var, int, 1, 3, -
15, 28, 4, t, var, int, 0, -, -
=============
ID, Line, Scope, Name, Type, DataType, isInit, Value, Args
0, 1, 0, x, var, int, 1, 2, -
1, 4, 0, ayman, enum_arg, int, 1, 1, -
2, 4, 0, mariem, enum_arg, int, 1, 1, -
3, 4, 0, abeer, enum_arg, int, 1, 5, -
4, 4, 0, marim, enum_arg, int, 1, 10, -
5, 4, 0, aym, var, enum, 1, -
6, 5, 0, aymon, var_enum, aym, 1, 3, -
7, 6, 0, l, var, int, 1, 1, -
8, 7, 1, q, var, int, 0, -, -
9, 7, 1, g, var, int, 0, -, -
10, 7, 0, print, func, int, 1, 0, 8,9,
11, 9, 1, z, var, int, 1, 0, -
12, 15, 2, i, var, int, 1, 3, -
13, 17, 2, F, const, bool, 1, false, -
14, 23, 3, k, var, int, 1, 3, -
15, 28, 4, t, var, int, 1, 0, -
=============
ID, Line, Scope, Name, Type, DataType, isInit, Value, Args
0, 1, 0, x, var, int, 1, 2, -
1, 4, 0, ayman, enum_arg, int, 1, 1, -
2, 4, 0, mariem, enum_arg, int, 1, 1, -
3, 4, 0, abeer, enum_arg, int, 1, 5, -
4, 4, 0, marim, enum_arg, int, 1, 10, -
5, 4, 0, aym, var, enum, 1, -
6, 5, 0, aymon, var_enum, aym, 1, 3, -
7, 6, 0, l, var, int, 1, 1, -
8, 7, 1, q, var, int, 0, -, -
9, 7, 1, g, var, int, 0, -, -
10, 7, 0, print, func, int, 1, 0, 8,9,
11, 9, 1, z, var, int, 1, 0, -
12, 15, 2, i, var, int, 1, 3, -
13, 17, 2, F, const, bool, 1, false, -
14, 23, 3, k, var, int, 1, 3, -
15, 28, 4, t, var, int, 1, 3, -
=============
ID, Line, Scope, Name, Type, DataType, isInit, Value, Args
0, 1, 0, x, var, int, 1, 2, -
1, 4, 0, ayman, enum_arg, int, 1, 1, -
2, 4, 0, mariem, enum_arg, int, 1, 1, -
3, 4, 0, abeer, enum_arg, int, 1, 5, -
4, 4, 0, marim, enum_arg, int, 1, 10, -
5, 4, 0, aym, var, enum, 1, -
6, 5, 0, aymon, var_enum, aym, 1, 3, -
7, 6, 0, l, var, int, 1, 1, -
8, 7, 1, q, var, int, 0, -, -
9, 7, 1, g, var, int, 0, -, -
10, 7, 0, print, func, int, 1, 0, 8,9,
11, 9, 1, z, var, int, 1, 0, -
12, 15, 2, i, var, int, 1, 3, -
13, 17, 2, F, const, bool, 1, false, -
14, 23, 3, k, var, int, 1, 3, -
15, 28, 4, t, var, int, 1, 3, -
16, 34, 5, m, var, int, 0, -, -
=============
ID, Line, Scope, Name, Type, DataType, isInit, Value, Args
0, 1, 0, x, var, int, 1, 2, -
1, 4, 0, ayman, enum_arg, int, 1, 1, -
2, 4, 0, mariem, enum_arg, int, 1, 1, -
3, 4, 0, abeer, enum_arg, int, 1, 5, -
4, 4, 0, marim, enum_arg, int, 1, 10, -
5, 4, 0, aym, var, enum, 1, -
6, 5, 0, aymon, var_enum, aym, 1, 3, -
7, 6, 0, l, var, int, 1, 1, -
8, 7, 1, q, var, int, 0, -, -
9, 7, 1, g, var, int, 0, -, -
10, 7, 0, print, func, int, 1, 0, 8,9,
11, 9, 1, z, var, int, 1, 0, -
12, 15, 2, i, var, int, 1, 3, -
13, 17, 2, F, const, bool, 1, false, -
14, 23, 3, k, var, int, 1, 3, -
15, 28, 4, t, var, int, 1, 3, -
16, 34, 5, m, var, int, 1, 1, -
=============
ID, Line, Scope, Name, Type, DataType, isInit, Value, Args
0, 1, 0, x, var, int, 1, 2, -
1, 4, 0, ayman, enum_arg, int, 1, 1, -
2, 4, 0, mariem, enum_arg, int, 1, 1, -
3, 4, 0, abeer, enum_arg, int, 1, 5, -
4, 4, 0, marim, enum_arg, int, 1, 10, -
5, 4, 0, aym, var, enum, 1, -
6, 5, 0, aymon, var_enum, aym, 1, 3, -
7, 6, 0, l, var, int, 1, 1, -
8, 7, 1, q, var, int, 0, -, -
9, 7, 1, g, var, int, 0, -, -
10, 7, 0, print, func, int, 1, 0, 8,9,
11, 9, 1, z, var, int, 1, 0, -
12, 15, 2, i, var, int, 1, 3, -
13, 17, 2, F, const, bool, 1, false, -
14, 23, 3, k, var, int, 1, 3, -
15, 28, 4, t, var, int, 1, 3, -
16, 34, 5, m, var, int, 1, 1, -
17, 39, 6, n, var, int, 0, -, -
=============
ID, Line, Scope, Name, Type, DataType, isInit, Value, Args
0, 1, 0, x, var, int, 1, 2, -
1, 4, 0, ayman, enum_arg, int, 1, 1, -
2, 4, 0, mariem, enum_arg, int, 1, 1, -
3, 4, 0, abeer, enum_arg, int, 1, 5, -
4, 4, 0, marim, enum_arg, int, 1, 10, -
5, 4, 0, aym, var, enum, 1, -
6, 5, 0, aymon, var_enum, aym, 1, 3, -
7, 6, 0, l, var, int, 1, 1, -
8, 7, 1, q, var, int, 0, -, -
9, 7, 1, g, var, int, 0, -, -
10, 7, 0, print, func, int, 1, 0, 8,9,
11, 9, 1, z, var, int, 1, 0, -
12, 15, 2, i, var, int, 1, 3, -
13, 17, 2, F, const, bool, 1, false, -
14, 23, 3, k, var, int, 1, 3, -
15, 28, 4, t, var, int, 1, 3, -
16, 34, 5, m, var, int, 1, 1, -
17, 39, 6, n, var, int, 1, 8, -
=============
ID, Line, Scope, Name, Type, DataType, isInit, Value, Args
0, 1, 0, x, var, int, 1, 3, -
1, 4, 0, ayman, enum_arg, int, 1, 1, -
2, 4, 0, mariem, enum_arg, int, 1, 1, -
3, 4, 0, abeer, enum_arg, int, 1, 5, -
4, 4, 0, marim, enum_arg, int, 1, 10, -
5, 4, 0, aym, var, enum, 1, -
6, 5, 0, aymon, var_enum, aym, 1, 3, -
7, 6, 0, l, var, int, 1, 1, -
8, 7, 1, q, var, int, 0, -, -
9, 7, 1, g, var, int, 0, -, -
10, 7, 0, print, func, int, 1, 0, 8,9,
11, 9, 1, z, var, int, 1, 0, -
12, 15, 2, i, var, int, 1, 3, -
13, 17, 2, F, const, bool, 1, false, -
14, 23, 3, k, var, int, 1, 3, -
15, 28, 4, t, var, int, 1, 3, -
16, 34, 5, m, var, int, 1, 1, -
17, 39, 6, n, var, int, 1, 8, -
=============
ID, Line, Scope, Name, Type, DataType, isInit, Value, Args
0, 1, 0, x, var, int, 1, 3, -
1, 4, 0, ayman, enum_arg, int, 1, 1, -
2, 4, 0, mariem, enum_arg, int, 1, 1, -
3, 4, 0, abeer, enum_arg, int, 1, 5, -
4, 4, 0, marim, enum_arg, int, 1, 10, -
5, 4, 0, aym, var, enum, 1, -
6, 5, 0, aymon, var_enum, aym, 1, 3, -
7, 6, 0, l, var, int, 1, 1, -
8, 7, 1, q, var, int, 0, -, -
9, 7, 1, g, var, int, 0, -, -
10, 7, 0, print, func, int, 1, 0, 8,9,
11, 9, 1, z, var, int, 1, 0, -
12, 15, 2, i, var, int, 1, 3, -
13, 17, 2, F, const, bool, 1, false, -
14, 23, 3, k, var, int, 1, 3, -
15, 28, 4, t, var, int, 1, 3, -
16, 34, 5, m, var, int, 1, 1, -
17, 39, 6, n, var, int, 1, 8, -
18, 43, 0, y, var, bool, 0, -, -
=============
ID, Line, Scope, Name, Type, DataType, isInit, Value, Args
0, 1, 0, x, var, int, 1, 3, -
1, 4, 0, ayman, enum_arg, int, 1, 1, -
2, 4, 0, mariem, enum_arg, int, 1, 1, -
3, 4, 0, abeer, enum_arg, int, 1, 5, -
4, 4, 0, marim, enum_arg, int, 1, 10, -
5, 4, 0, aym, var, enum, 1, -
6, 5, 0, aymon, var_enum, aym, 1, 3, -
7, 6, 0, l, var, int, 1, 1, -
8, 7, 1, q, var, int, 0, -, -
9, 7, 1, g, var, int, 0, -, -
10, 7, 0, print, func, int, 1, 0, 8,9,
11, 9, 1, z, var, int, 1, 0, -
12, 15, 2, i, var, int, 1, 3, -
13, 17, 2, F, const, bool, 1, false, -
14, 23, 3, k, var, int, 1, 3, -
15, 28, 4, t, var, int, 1, 3, -
16, 34, 5, m, var, int, 1, 1, -
17, 39, 6, n, var, int, 1, 8, -
18, 43, 0, y, var, bool, 1, true, -
=============
ID, Line, Scope, Name, Type, DataType, isInit, Value, Args
0, 1, 0, x, var, int, 1, 3, -
1, 4, 0, ayman, enum_arg, int, 1, 1, -
2, 4, 0, mariem, enum_arg, int, 1, 1, -
3, 4, 0, abeer, enum_arg, int, 1, 5, -
4, 4, 0, marim, enum_arg, int, 1, 10, -
5, 4, 0, aym, var, enum, 1, -
6, 5, 0, aymon, var_enum, aym, 1, 3, -
7, 6, 0, l, var, int, 1, 1, -
8, 7, 1, q, var, int, 0, -, -
9, 7, 1, g, var, int, 0, -, -
10, 7, 0, print, func, int, 1, 0, 8,9,
11, 9, 1, z, var, int, 1, 0, -
12, 15, 2, i, var, int, 1, 3, -
13, 17, 2, F, const, bool, 1, false, -
14, 23, 3, k, var, int, 1, 3, -
15, 28, 4, t, var, int, 1, 3, -
16, 34, 5, m, var, int, 1, 1, -
17, 39, 6, n, var, int, 1, 8, -
18, 43, 0, y, var, bool, 1, true, -
=============
