ID, Line, Scope, Name, Type, DataType, isInit, Value, Args
0, 1, 0, a, var, int, 0, -, -
=============
ID, Line, Scope, Name, Type, DataType, isInit, Value, Args
0, 1, 0, a, var, int, 1, 2, -
=============
ID, Line, Scope, Name, Type, DataType, isInit, Value, Args
0, 1, 0, a, var, int, 1, 2, -
1, 2, 0, B, const, int, 0, -, -
=============
ID, Line, Scope, Name, Type, DataType, isInit, Value, Args
0, 1, 0, a, var, int, 1, 2, -
1, 2, 0, B, const, int, 1, 3, -
=============
ID, Line, Scope, Name, Type, DataType, isInit, Value, Args
0, 1, 0, a, var, int, 1, 2, -
1, 2, 0, B, const, int, 1, 3, -
2, 4, 0, c, var, int, 0, -, -
=============
ID, Line, Scope, Name, Type, DataType, isInit, Value, Args
0, 1, 0, a, var, int, 1, 2, -
1, 2, 0, B, const, int, 1, 3, -
2, 4, 0, c, var, int, 1, 2, -
=============
ID, Line, Scope, Name, Type, DataType, isInit, Value, Args
0, 1, 0, a, var, int, 1, 2, -
1, 2, 0, B, const, int, 1, 3, -
2, 4, 0, c, var, int, 1, 2, -
3, 5, 0, d, var, float, 0, -, -
=============
ID, Line, Scope, Name, Type, DataType, isInit, Value, Args
0, 1, 0, a, var, int, 1, 2, -
1, 2, 0, B, const, int, 1, 3, -
2, 4, 0, c, var, int, 1, 2, -
3, 5, 0, d, var, float, 1, 0.000000, -
=============
ID, Line, Scope, Name, Type, DataType, isInit, Value, Args
0, 1, 0, a, var, int, 1, 2, -
1, 2, 0, B, const, int, 1, 3, -
2, 4, 0, c, var, int, 1, 2, -
3, 5, 0, d, var, float, 1, 0.000000, -
4, 7, 0, bo, var, bool, 0, -, -
=============
ID, Line, Scope, Name, Type, DataType, isInit, Value, Args
0, 1, 0, a, var, int, 1, 2, -
1, 2, 0, B, const, int, 1, 3, -
2, 4, 0, c, var, int, 1, 2, -
3, 5, 0, d, var, float, 1, 0.000000, -
4, 7, 0, bo, var, bool, 1, true, -
=============
ID, Line, Scope, Name, Type, DataType, isInit, Value, Args
0, 1, 0, a, var, int, 1, 2, -
1, 2, 0, B, const, int, 1, 3, -
2, 4, 0, c, var, int, 1, 2, -
3, 5, 0, d, var, float, 1, 0.000000, -
4, 7, 0, bo, var, bool, 1, true, -
5, 8, 0, s, var, string, 0, -, -
=============
ID, Line, Scope, Name, Type, DataType, isInit, Value, Args
0, 1, 0, a, var, int, 1, 2, -
1, 2, 0, B, const, int, 1, 3, -
2, 4, 0, c, var, int, 1, 2, -
3, 5, 0, d, var, float, 1, 0.000000, -
4, 7, 0, bo, var, bool, 1, true, -
5, 8, 0, s, var, string, 1, "Marim", -
=============
ID, Line, Scope, Name, Type, DataType, isInit, Value, Args
0, 1, 0, a, var, int, 1, 2, -
1, 2, 0, B, const, int, 1, 3, -
2, 4, 0, c, var, int, 1, 2, -
3, 5, 0, d, var, float, 1, 0.000000, -
4, 7, 0, bo, var, bool, 1, true, -
5, 8, 0, s, var, string, 1, "Marim", -
=============
ID, Line, Scope, Name, Type, DataType, isInit, Value, Args
0, 1, 0, a, var, int, 1, 2, -
1, 2, 0, B, const, int, 1, 3, -
2, 4, 0, c, var, int, 1, 2, -
3, 5, 0, d, var, float, 1, 0.000000, -
4, 7, 0, bo, var, bool, 1, true, -
5, 8, 0, s, var, string, 1, "Marim", -
=============
ID, Line, Scope, Name, Type, DataType, isInit, Value, Args
0, 1, 0, a, var, int, 1, 2, -
1, 2, 0, B, const, int, 1, 3, -
2, 4, 0, c, var, int, 1, 2, -
3, 5, 0, d, var, float, 1, 0.000000, -
4, 7, 0, bo, var, bool, 1, true, -
5, 8, 0, s, var, string, 1, "Marim", -
=============
ID, Line, Scope, Name, Type, DataType, isInit, Value, Args
0, 1, 0, a, var, int, 1, 2, -
1, 2, 0, B, const, int, 1, 3, -
2, 4, 0, c, var, int, 1, 2, -
3, 5, 0, d, var, float, 1, 0.000000, -
4, 7, 0, bo, var, bool, 1, true, -
5, 8, 0, s, var, string, 1, "Marim", -
=============
ID, Line, Scope, Name, Type, DataType, isInit, Value, Args
0, 1, 0, a, var, int, 1, 2, -
1, 2, 0, B, const, int, 1, 3, -
2, 4, 0, c, var, int, 1, 2, -
3, 5, 0, d, var, float, 1, 0.000000, -
4, 7, 0, bo, var, bool, 1, true, -
5, 8, 0, s, var, string, 1, "Marim", -
6, 24, 5, i, var, int, 0, -, -
=============
ID, Line, Scope, Name, Type, DataType, isInit, Value, Args
0, 1, 0, a, var, int, 1, 2, -
1, 2, 0, B, const, int, 1, 3, -
2, 4, 0, c, var, int, 1, 2, -
3, 5, 0, d, var, float, 1, 0.000000, -
4, 7, 0, bo, var, bool, 1, true, -
5, 8, 0, s, var, string, 1, "Marim", -
6, 24, 5, i, var, int, 1, 0, -
=============
ID, Line, Scope, Name, Type, DataType, isInit, Value, Args
0, 1, 0, a, var, int, 1, 2, -
1, 2, 0, B, const, int, 1, 3, -
2, 4, 0, c, var, int, 1, 2, -
3, 5, 0, d, var, float, 1, 0.000000, -
4, 7, 0, bo, var, bool, 1, true, -
5, 8, 0, s, var, string, 1, "Marim", -
6, 24, 5, i, var, int, 1, 0, -
=============
ID, Line, Scope, Name, Type, DataType, isInit, Value, Args
0, 1, 0, a, var, int, 1, 2, -
1, 2, 0, B, const, int, 1, 3, -
2, 4, 0, c, var, int, 1, 2, -
3, 5, 0, d, var, float, 1, 0.000000, -
4, 7, 0, bo, var, bool, 1, true, -
5, 8, 0, s, var, string, 1, "Marim", -
6, 24, 5, i, var, int, 1, 0, -
=============
ID, Line, Scope, Name, Type, DataType, isInit, Value, Args
0, 1, 0, a, var, int, 1, 2, -
1, 2, 0, B, const, int, 1, 3, -
2, 4, 0, c, var, int, 1, 2, -
3, 5, 0, d, var, float, 1, 0.000000, -
4, 7, 0, bo, var, bool, 1, true, -
5, 8, 0, s, var, string, 1, "Marim", -
6, 24, 5, i, var, int, 1, 0, -
=============
